
> medical-device-risk-frontend@1.0.0 start
> react-scripts start

Attempting to bind to HOST environment variable: 0.0.0.0
If this was unintentional, check that you haven't mistakenly set it in your shell.
Learn more here: https://cra.link/advanced-config

(node:4676) [DEP_WEBPACK_DEV_SERVER_ON_AFTER_SETUP_MIDDLEWARE] DeprecationWarning: 'onAfterSetupMiddleware' option is deprecated. Please use the 'setupMiddlewares' option.
(Use `node --trace-deprecation ...` to show where the warning was created)
(node:4676) [DEP_WEBPACK_DEV_SERVER_ON_BEFORE_SETUP_MIDDLEWARE] DeprecationWarning: 'onBeforeSetupMiddleware' option is deprecated. Please use the 'setupMiddlewares' option.
Starting the development server...

Compiled with warnings.

[eslint] 
src/App.js
  Line 2:50:  'Navigate' is defined but never used  no-unused-vars

src/pages/Register.js
  Line 26:9:  'response' is assigned a value but never used  no-unused-vars

Search for the keywords to learn more about each warning.
To ignore, add // eslint-disable-next-line to the line before.

WARNING in [eslint] 
src/App.js
  Line 2:50:  'Navigate' is defined but never used  no-unused-vars

src/pages/Register.js
  Line 26:9:  'response' is assigned a value but never used  no-unused-vars

webpack compiled with 1 warning
Compiling...
Compiled with warnings.

[eslint] 
src/App.js
  Line 2:50:  'Navigate' is defined but never used  no-unused-vars

src/pages/Register.js
  Line 26:9:  'response' is assigned a value but never used  no-unused-vars

Search for the keywords to learn more about each warning.
To ignore, add // eslint-disable-next-line to the line before.

WARNING in [eslint] 
src/App.js
  Line 2:50:  'Navigate' is defined but never used  no-unused-vars

src/pages/Register.js
  Line 26:9:  'response' is assigned a value but never used  no-unused-vars

webpack compiled with 1 warning
Compiling...
Compiled with warnings.

[eslint] 
src/App.js
  Line 2:50:  'Navigate' is defined but never used  no-unused-vars

src/pages/Register.js
  Line 26:9:  'response' is assigned a value but never used  no-unused-vars

Search for the keywords to learn more about each warning.
To ignore, add // eslint-disable-next-line to the line before.

WARNING in [eslint] 
src/App.js
  Line 2:50:  'Navigate' is defined but never used  no-unused-vars

src/pages/Register.js
  Line 26:9:  'response' is assigned a value but never used  no-unused-vars

webpack compiled with 1 warning
Compiling...
Compiled with warnings.

[eslint] 
src/App.js
  Line 2:50:  'Navigate' is defined but never used  no-unused-vars

src/pages/Register.js
  Line 26:9:  'response' is assigned a value but never used  no-unused-vars

Search for the keywords to learn more about each warning.
To ignore, add // eslint-disable-next-line to the line before.

WARNING in [eslint] 
src/App.js
  Line 2:50:  'Navigate' is defined but never used  no-unused-vars

src/pages/Register.js
  Line 26:9:  'response' is assigned a value but never used  no-unused-vars

webpack compiled with 1 warning
Compiling...
Compiled with warnings.

[eslint] 
src/App.js
  Line 2:50:  'Navigate' is defined but never used  no-unused-vars
  Line 23:8:  'Debug' is defined but never used     no-unused-vars

src/pages/Register.js
  Line 26:9:  'response' is assigned a value but never used  no-unused-vars

Search for the keywords to learn more about each warning.
To ignore, add // eslint-disable-next-line to the line before.

WARNING in [eslint] 
src/App.js
  Line 2:50:  'Navigate' is defined but never used  no-unused-vars
  Line 23:8:  'Debug' is defined but never used     no-unused-vars

src/pages/Register.js
  Line 26:9:  'response' is assigned a value but never used  no-unused-vars

webpack compiled with 1 warning
Compiling...
Compiled with warnings.

[eslint] 
src/App.js
  Line 2:50:  'Navigate' is defined but never used  no-unused-vars

src/pages/Register.js
  Line 26:9:  'response' is assigned a value but never used  no-unused-vars

Search for the keywords to learn more about each warning.
To ignore, add // eslint-disable-next-line to the line before.

WARNING in [eslint] 
src/App.js
  Line 2:50:  'Navigate' is defined but never used  no-unused-vars

src/pages/Register.js
  Line 26:9:  'response' is assigned a value but never used  no-unused-vars

webpack compiled with 1 warning
Compiling...
Failed to compile.

[eslint] 
src/App.js
  Line 59:12:  'Debug' is not defined  react/jsx-no-undef

Search for the keywords to learn more about each error.
WARNING in [eslint] 
src/App.js
  Line 2:50:  'Navigate' is defined but never used  no-unused-vars

src/pages/Register.js
  Line 26:9:  'response' is assigned a value but never used  no-unused-vars

ERROR in [eslint] 
src/App.js
  Line 59:12:  'Debug' is not defined  react/jsx-no-undef

Search for the keywords to learn more about each error.

webpack compiled with 1 error and 1 warning
Compiling...
Compiled with warnings.

[eslint] 
src/App.js
  Line 2:50:  'Navigate' is defined but never used  no-unused-vars

src/pages/Register.js
  Line 26:9:  'response' is assigned a value but never used  no-unused-vars

Search for the keywords to learn more about each warning.
To ignore, add // eslint-disable-next-line to the line before.

WARNING in [eslint] 
src/App.js
  Line 2:50:  'Navigate' is defined but never used  no-unused-vars

src/pages/Register.js
  Line 26:9:  'response' is assigned a value but never used  no-unused-vars

webpack compiled with 1 warning
Compiling...
Compiled with warnings.

[eslint] 
src/App.js
  Line 2:50:  'Navigate' is defined but never used  no-unused-vars

src/pages/Register.js
  Line 26:9:  'response' is assigned a value but never used  no-unused-vars

Search for the keywords to learn more about each warning.
To ignore, add // eslint-disable-next-line to the line before.

WARNING in [eslint] 
src/App.js
  Line 2:50:  'Navigate' is defined but never used  no-unused-vars

src/pages/Register.js
  Line 26:9:  'response' is assigned a value but never used  no-unused-vars

webpack compiled with 1 warning
Compiling...
Compiled with warnings.

[eslint] 
src/App.js
  Line 2:50:  'Navigate' is defined but never used  no-unused-vars

src/pages/Register.js
  Line 26:9:  'response' is assigned a value but never used  no-unused-vars

Search for the keywords to learn more about each warning.
To ignore, add // eslint-disable-next-line to the line before.

WARNING in [eslint] 
src/App.js
  Line 2:50:  'Navigate' is defined but never used  no-unused-vars

src/pages/Register.js
  Line 26:9:  'response' is assigned a value but never used  no-unused-vars

webpack compiled with 1 warning
Compiling...
Compiled with warnings.

[eslint] 
src/App.js
  Line 2:50:  'Navigate' is defined but never used  no-unused-vars

src/pages/Register.js
  Line 26:9:  'response' is assigned a value but never used  no-unused-vars

Search for the keywords to learn more about each warning.
To ignore, add // eslint-disable-next-line to the line before.

WARNING in [eslint] 
src/App.js
  Line 2:50:  'Navigate' is defined but never used  no-unused-vars

src/pages/Register.js
  Line 26:9:  'response' is assigned a value but never used  no-unused-vars

webpack compiled with 1 warning
Compiling...
Compiled with warnings.

[eslint] 
src/App.js
  Line 2:50:  'Navigate' is defined but never used         no-unused-vars
  Line 23:8:  'SuperAdminLogin' is defined but never used  no-unused-vars

src/pages/Register.js
  Line 26:9:  'response' is assigned a value but never used  no-unused-vars

Search for the keywords to learn more about each warning.
To ignore, add // eslint-disable-next-line to the line before.

WARNING in [eslint] 
src/App.js
  Line 2:50:  'Navigate' is defined but never used         no-unused-vars
  Line 23:8:  'SuperAdminLogin' is defined but never used  no-unused-vars

src/pages/Register.js
  Line 26:9:  'response' is assigned a value but never used  no-unused-vars

webpack compiled with 1 warning
Compiling...
Compiled with warnings.

[eslint] 
src/App.js
  Line 2:50:  'Navigate' is defined but never used  no-unused-vars

src/pages/Register.js
  Line 26:9:  'response' is assigned a value but never used  no-unused-vars

Search for the keywords to learn more about each warning.
To ignore, add // eslint-disable-next-line to the line before.

WARNING in [eslint] 
src/App.js
  Line 2:50:  'Navigate' is defined but never used  no-unused-vars

src/pages/Register.js
  Line 26:9:  'response' is assigned a value but never used  no-unused-vars

webpack compiled with 1 warning
Compiling...
Compiled with warnings.

[eslint] 
src/App.js
  Line 2:50:  'Navigate' is defined but never used  no-unused-vars

src/pages/Register.js
  Line 26:9:  'response' is assigned a value but never used  no-unused-vars

Search for the keywords to learn more about each warning.
To ignore, add // eslint-disable-next-line to the line before.

WARNING in [eslint] 
src/App.js
  Line 2:50:  'Navigate' is defined but never used  no-unused-vars

src/pages/Register.js
  Line 26:9:  'response' is assigned a value but never used  no-unused-vars

webpack compiled with 1 warning
